#-----------------------------------------------------------
# Vivado v2018.1 (64-bit)
# SW Build 2188600 on Wed Apr  4 18:39:19 MDT 2018
# IP Build 2185939 on Wed Apr  4 20:55:05 MDT 2018
# Start of session at: Mon Apr 15 11:13:03 2024
# Process ID: 52024
# Current directory: /home/vihangamuthumala/Documents/my_work/Nano-Processor
# Command line: vivado
# Log file: /home/vihangamuthumala/Documents/my_work/Nano-Processor/vivado.log
# Journal file: /home/vihangamuthumala/Documents/my_work/Nano-Processor/vivado.jou
#-----------------------------------------------------------
start_gui
open_project /home/vihangamuthumala/Documents/my_work/Nano-Processor/project_final/project_final.xpr
Scanning sources...
Finished scanning sources
INFO: [IP_Flow 19-234] Refreshing IP repositories
INFO: [IP_Flow 19-1704] No user IP repositories specified
INFO: [IP_Flow 19-2313] Loaded Vivado IP repository '/opt/Xilinx/Vivado/2018.1/data/ip'.
open_project: Time (s): cpu = 00:00:14 ; elapsed = 00:00:07 . Memory (MB): peak = 6095.414 ; gain = 106.836 ; free physical = 147 ; free virtual = 2962
update_compile_order -fileset sources_1
