#-----------------------------------------------------------
# Vivado v2018.1 (64-bit)
# SW Build 2188600 on Wed Apr  4 18:39:19 MDT 2018
# IP Build 2185939 on Wed Apr  4 20:55:05 MDT 2018
# Start of session at: Mon Apr 15 11:15:10 2024
# Process ID: 53211
# Current directory: /home/vihangamuthumala/Documents/my_work/Nano-Processor
# Command line: vivado
# Log file: /home/vihangamuthumala/Documents/my_work/Nano-Processor/vivado.log
# Journal file: /home/vihangamuthumala/Documents/my_work/Nano-Processor/vivado.jou
#-----------------------------------------------------------
start_gui
open_project /home/vihangamuthumala/Documents/my_work/Nano-Processor/project_final/project_final.xpr
Scanning sources...
Finished scanning sources
INFO: [IP_Flow 19-234] Refreshing IP repositories
INFO: [IP_Flow 19-1704] No user IP repositories specified
INFO: [IP_Flow 19-2313] Loaded Vivado IP repository '/opt/Xilinx/Vivado/2018.1/data/ip'.
open_project: Time (s): cpu = 00:00:12 ; elapsed = 00:00:06 . Memory (MB): peak = 6092.531 ; gain = 102.734 ; free physical = 124 ; free virtual = 2945
update_compile_order -fileset sources_1
exit
INFO: [Common 17-206] Exiting Vivado at Mon Apr 15 11:51:29 2024...
