#-----------------------------------------------------------
# Vivado v2019.2 (64-bit)
# SW Build 2700185 on Thu Oct 24 18:46:05 MDT 2019
# IP Build 2699827 on Thu Oct 24 21:16:38 MDT 2019
# Start of session at: Tue Feb 27 16:32:32 2024
# Process ID: 8024
# Current directory: C:/Users/workshop/Documents/project_5
# Command line: vivado.exe -gui_launcher_event rodinguilauncherevent6376 C:\Users\workshop\Documents\project_5\project_5.xpr
# Log file: C:/Users/workshop/Documents/project_5/vivado.log
# Journal file: C:/Users/workshop/Documents/project_5\vivado.jou
#-----------------------------------------------------------
start_gui
open_project C:/Users/workshop/Documents/project_5/project_5.xpr
Scanning sources...
Finished scanning sources
INFO: [IP_Flow 19-234] Refreshing IP repositories
INFO: [IP_Flow 19-1704] No user IP repositories specified
INFO: [IP_Flow 19-2313] Loaded Vivado IP repository 'C:/Xilinx/Vivado/2019.2/data/ip'.
open_project: Time (s): cpu = 00:00:14 ; elapsed = 00:00:06 . Memory (MB): peak = 802.781 ; gain = 140.762
update_compile_order -fileset sources_1
exit
INFO: [Common 17-206] Exiting Vivado at Tue Feb 27 16:32:54 2024...
